<?xml version="1.0" encoding="UTF-8"?>
<testsuite xmlns:xsi="http://www.w3.org/2001/XMLSchema-instance" xsi:noNamespaceSchemaLocation="https://maven.apache.org/surefire/maven-surefire-plugin/xsd/surefire-test-report.xsd" name="com.shaw.mock.MockApplicationTests" time="0.249" tests="1" errors="1" skipped="0" failures="0">
  <properties>
[...]
</properties>
  <testcase name="com.shaw.mock.MockApplicationTests" classname="com.shaw.mock.MockApplicationTests" time="0.248">
    <error message="Could not find class [com.shaw.mock.MockTestApplication]" type="java.lang.IllegalArgumentException">java.lang.IllegalArgumentException: Could not find class [com.shaw.mock.MockTestApplication]
Caused by: java.lang.ClassNotFoundException: com.shaw.mock.MockTestApplication
</error>
    <system-out><![CDATA[13:03:57.769 [main] DEBUG org.springframework.test.context.BootstrapUtils - Instantiating CacheAwareContextLoaderDelegate from class [org.springframework.test.context.cache.DefaultCacheAwareContextLoaderDelegate]
13:03:57.779 [main] DEBUG org.springframework.test.context.BootstrapUtils - Instantiating BootstrapContext using constructor [public org.springframework.test.context.support.DefaultBootstrapContext(java.lang.Class,org.springframework.test.context.CacheAwareContextLoaderDelegate)]
13:03:57.803 [main] DEBUG org.springframework.test.context.BootstrapUtils - Instantiating TestContextBootstrapper for test class [com.shaw.mock.MockApplicationTests] from class [org.springframework.boot.test.context.SpringBootTestContextBootstrapper]
13:03:57.817 [main] INFO org.springframework.boot.test.context.SpringBootTestContextBootstrapper - Neither @ContextConfiguration nor @ContextHierarchy found for test class [com.shaw.mock.MockApplicationTests], using SpringBootContextLoader
13:03:57.821 [main] DEBUG org.springframework.test.context.support.AbstractContextLoader - Did not detect default resource location for test class [com.shaw.mock.MockApplicationTests]: class path resource [com/shaw/mock/MockApplicationTests-context.xml] does not exist
13:03:57.822 [main] DEBUG org.springframework.test.context.support.AbstractContextLoader - Did not detect default resource location for test class [com.shaw.mock.MockApplicationTests]: class path resource [com/shaw/mock/MockApplicationTestsContext.groovy] does not exist
13:03:57.822 [main] INFO org.springframework.test.context.support.AbstractContextLoader - Could not detect default resource locations for test class [com.shaw.mock.MockApplicationTests]: no resource found for suffixes {-context.xml, Context.groovy}.
13:03:57.823 [main] INFO org.springframework.test.context.support.AnnotationConfigContextLoaderUtils - Could not detect default configuration classes for test class [com.shaw.mock.MockApplicationTests]: MockApplicationTests does not declare any static, non-private, non-final, nested classes annotated with @Configuration.
13:03:57.858 [main] DEBUG org.springframework.test.context.support.ActiveProfilesUtils - Could not find an 'annotation declaring class' for annotation type [org.springframework.test.context.ActiveProfiles] and class [com.shaw.mock.MockApplicationTests]
13:03:57.908 [main] DEBUG org.springframework.context.annotation.ClassPathScanningCandidateComponentProvider - Identified candidate component class: file [/Users/waaronwaddell/Documents/GitHub/Public/Testing/mockTest/target/classes/com/shaw/mock/MockTestApplication 2.class]
13:03:57.911 [main] DEBUG org.springframework.test.context.BootstrapUtils - Instantiating CacheAwareContextLoaderDelegate from class [org.springframework.test.context.cache.DefaultCacheAwareContextLoaderDelegate]
13:03:57.911 [main] DEBUG org.springframework.test.context.BootstrapUtils - Instantiating BootstrapContext using constructor [public org.springframework.test.context.support.DefaultBootstrapContext(java.lang.Class,org.springframework.test.context.CacheAwareContextLoaderDelegate)]
13:03:57.911 [main] DEBUG org.springframework.test.context.BootstrapUtils - Instantiating TestContextBootstrapper for test class [com.shaw.mock.MockApplicationTests] from class [org.springframework.boot.test.context.SpringBootTestContextBootstrapper]
13:03:57.912 [main] INFO org.springframework.boot.test.context.SpringBootTestContextBootstrapper - Neither @ContextConfiguration nor @ContextHierarchy found for test class [com.shaw.mock.MockApplicationTests], using SpringBootContextLoader
13:03:57.913 [main] DEBUG org.springframework.test.context.support.AbstractContextLoader - Did not detect default resource location for test class [com.shaw.mock.MockApplicationTests]: class path resource [com/shaw/mock/MockApplicationTests-context.xml] does not exist
13:03:57.914 [main] DEBUG org.springframework.test.context.support.AbstractContextLoader - Did not detect default resource location for test class [com.shaw.mock.MockApplicationTests]: class path resource [com/shaw/mock/MockApplicationTestsContext.groovy] does not exist
13:03:57.914 [main] INFO org.springframework.test.context.support.AbstractContextLoader - Could not detect default resource locations for test class [com.shaw.mock.MockApplicationTests]: no resource found for suffixes {-context.xml, Context.groovy}.
13:03:57.914 [main] INFO org.springframework.test.context.support.AnnotationConfigContextLoaderUtils - Could not detect default configuration classes for test class [com.shaw.mock.MockApplicationTests]: MockApplicationTests does not declare any static, non-private, non-final, nested classes annotated with @Configuration.
13:03:57.920 [main] DEBUG org.springframework.test.context.support.ActiveProfilesUtils - Could not find an 'annotation declaring class' for annotation type [org.springframework.test.context.ActiveProfiles] and class [com.shaw.mock.MockApplicationTests]
13:03:57.923 [main] DEBUG org.springframework.context.annotation.ClassPathScanningCandidateComponentProvider - Identified candidate component class: file [/Users/waaronwaddell/Documents/GitHub/Public/Testing/mockTest/target/classes/com/shaw/mock/MockTestApplication 2.class]
13:03:57.924 [main] DEBUG org.springframework.test.context.BootstrapUtils - Instantiating CacheAwareContextLoaderDelegate from class [org.springframework.test.context.cache.DefaultCacheAwareContextLoaderDelegate]
13:03:57.924 [main] DEBUG org.springframework.test.context.BootstrapUtils - Instantiating BootstrapContext using constructor [public org.springframework.test.context.support.DefaultBootstrapContext(java.lang.Class,org.springframework.test.context.CacheAwareContextLoaderDelegate)]
13:03:57.925 [main] DEBUG org.springframework.test.context.BootstrapUtils - Instantiating TestContextBootstrapper for test class [com.shaw.mock.MockApplicationTests] from class [org.springframework.boot.test.context.SpringBootTestContextBootstrapper]
13:03:57.926 [main] INFO org.springframework.boot.test.context.SpringBootTestContextBootstrapper - Neither @ContextConfiguration nor @ContextHierarchy found for test class [com.shaw.mock.MockApplicationTests], using SpringBootContextLoader
13:03:57.927 [main] DEBUG org.springframework.test.context.support.AbstractContextLoader - Did not detect default resource location for test class [com.shaw.mock.MockApplicationTests]: class path resource [com/shaw/mock/MockApplicationTests-context.xml] does not exist
13:03:57.927 [main] DEBUG org.springframework.test.context.support.AbstractContextLoader - Did not detect default resource location for test class [com.shaw.mock.MockApplicationTests]: class path resource [com/shaw/mock/MockApplicationTestsContext.groovy] does not exist
13:03:57.927 [main] INFO org.springframework.test.context.support.AbstractContextLoader - Could not detect default resource locations for test class [com.shaw.mock.MockApplicationTests]: no resource found for suffixes {-context.xml, Context.groovy}.
13:03:57.927 [main] INFO org.springframework.test.context.support.AnnotationConfigContextLoaderUtils - Could not detect default configuration classes for test class [com.shaw.mock.MockApplicationTests]: MockApplicationTests does not declare any static, non-private, non-final, nested classes annotated with @Configuration.
13:03:57.929 [main] DEBUG org.springframework.test.context.support.ActiveProfilesUtils - Could not find an 'annotation declaring class' for annotation type [org.springframework.test.context.ActiveProfiles] and class [com.shaw.mock.MockApplicationTests]
13:03:57.933 [main] DEBUG org.springframework.context.annotation.ClassPathScanningCandidateComponentProvider - Identified candidate component class: file [/Users/waaronwaddell/Documents/GitHub/Public/Testing/mockTest/target/classes/com/shaw/mock/MockTestApplication 2.class]
]]></system-out>
  </testcase>
</testsuite>